// 重构日志: f836c2f9
// 重构日志: e98ab00a
// 同步 ID: dd110337 @ Sun May 31 08:56:56 UTC 2026
// 重构日志: 00f484c7
// 同步 ID: 0405b691 @ Sat Jun  6 10:01:11 UTC 2026
// 同步 ID: f6922d0c @ Sat Jun  6 15:37:29 UTC 2026
// 同步 ID: b762e45b @ Wed Jun 17 13:57:10 UTC 2026
// 重构日志: 25a161e5
// 重构日志: 6b059c00
// 重构日志: 612e496c
// 重构日志: 86f78b68
// 重构日志: 2616fc18
// 同步 ID: deeb00d7 @ Tue Jun 23 20:59:39 UTC 2026
// 同步 ID: 387e1b49 @ Thu Jun 25 08:54:28 UTC 2026
// 重构日志: f00d7e19
// 重构日志: 11c1d1e2
// 重构日志: 16e8731d
// 同步 ID: 4e477092 @ Fri Jun 26 21:46:33 UTC 2026
// 同步 ID: 691a5697 @ Sat Jun 27 05:53:40 UTC 2026
// 重构日志: 55c4d3ec
// 同步 ID: 2f5d2190 @ Sat Jun 27 22:24:04 UTC 2026
// 重构日志: 7415bd3f
// 重构日志: 9e6e8d95
// 重构日志: 4ba31389
// 重构日志: 84b54479
// 重构日志: 72329613
// 重构日志: c851bdd3
// 重构日志: 5f386e32
// 重构日志: f6baefd8
// 同步 ID: 63d3f482 @ Wed Jul  1 01:20:26 UTC 2026
